{"name": "Restore password failed BC user is not registered", "status": "broken", "statusDetails": {"message": "selenium.common.exceptions.NoSuchElementException: Message: no such element: Unable to locate element: {\"method\":\"css selector\",\"selector\":\"[name=\"userName\"]\"}\n  (Session info: chrome=84.0.4147.135)\n\n", "trace": "  File \"c:\\users\\rapid\\appdata\\local\\programs\\python\\python38-32\\lib\\site-packages\\behave\\model.py\", line 1329, in run\n    match.run(runner.context)\n  File \"c:\\users\\rapid\\appdata\\local\\programs\\python\\python38-32\\lib\\site-packages\\behave\\matchers.py\", line 98, in run\n    self.func(context, *args, **kwargs)\n  File \"features\\steps\\restore_password_dt_18_feb_2020.py\", line 18, in entr_usr_nm\n    context.app.restore_password_page.entr_usr_name(usr_nm)\n  File \"C:\\Everything\\IT\\Testing\\Automation_08_09_2019\\tellus_dt_04_feb_2020\\pages\\restore_password_page.py\", line 30, in entr_usr_name\n    self.input_text(text, *self.USER_NAME)\n  File \"C:\\Everything\\IT\\Testing\\Automation_08_09_2019\\tellus_dt_04_feb_2020\\pages\\base_page.py\", line 25, in input_text\n    e = self.driver.find_element(*locator)\n  File \"c:\\users\\rapid\\appdata\\local\\programs\\python\\python38-32\\lib\\site-packages\\selenium\\webdriver\\remote\\webdriver.py\", line 976, in find_element\n    return self.execute(Command.FIND_ELEMENT, {\n  File \"c:\\users\\rapid\\appdata\\local\\programs\\python\\python38-32\\lib\\site-packages\\selenium\\webdriver\\remote\\webdriver.py\", line 321, in execute\n    self.error_handler.check_response(response)\n  File \"c:\\users\\rapid\\appdata\\local\\programs\\python\\python38-32\\lib\\site-packages\\selenium\\webdriver\\remote\\errorhandler.py\", line 242, in check_response\n    raise exception_class(message, screen, stacktrace)\n"}, "steps": [{"name": "Given Loginpage", "status": "passed", "start": 1597963011533, "stop": 1597963018231}, {"name": "Then Click on login button", "status": "passed", "start": 1597963018231, "stop": 1597963020138}, {"name": "Then Click on forgot password button", "status": "passed", "start": 1597963020138, "stop": 1597963025167}, {"name": "Then Enter user name LupusLudens", "status": "broken", "statusDetails": {"message": "selenium.common.exceptions.NoSuchElementException: Message: no such element: Unable to locate element: {\"method\":\"css selector\",\"selector\":\"[name=\"userName\"]\"}\n  (Session info: chrome=84.0.4147.135)\n\n", "trace": "  File \"c:\\users\\rapid\\appdata\\local\\programs\\python\\python38-32\\lib\\site-packages\\behave\\model.py\", line 1329, in run\n    match.run(runner.context)\n  File \"c:\\users\\rapid\\appdata\\local\\programs\\python\\python38-32\\lib\\site-packages\\behave\\matchers.py\", line 98, in run\n    self.func(context, *args, **kwargs)\n  File \"features\\steps\\restore_password_dt_18_feb_2020.py\", line 18, in entr_usr_nm\n    context.app.restore_password_page.entr_usr_name(usr_nm)\n  File \"C:\\Everything\\IT\\Testing\\Automation_08_09_2019\\tellus_dt_04_feb_2020\\pages\\restore_password_page.py\", line 30, in entr_usr_name\n    self.input_text(text, *self.USER_NAME)\n  File \"C:\\Everything\\IT\\Testing\\Automation_08_09_2019\\tellus_dt_04_feb_2020\\pages\\base_page.py\", line 25, in input_text\n    e = self.driver.find_element(*locator)\n  File \"c:\\users\\rapid\\appdata\\local\\programs\\python\\python38-32\\lib\\site-packages\\selenium\\webdriver\\remote\\webdriver.py\", line 976, in find_element\n    return self.execute(Command.FIND_ELEMENT, {\n  File \"c:\\users\\rapid\\appdata\\local\\programs\\python\\python38-32\\lib\\site-packages\\selenium\\webdriver\\remote\\webdriver.py\", line 321, in execute\n    self.error_handler.check_response(response)\n  File \"c:\\users\\rapid\\appdata\\local\\programs\\python\\python38-32\\lib\\site-packages\\selenium\\webdriver\\remote\\errorhandler.py\", line 242, in check_response\n    raise exception_class(message, screen, stacktrace)\n"}, "start": 1597963025167, "stop": 1597963029236}, {"name": "Then Click on reset password button", "status": "skipped", "start": 1597963031369, "stop": 1597963031369}, {"name": "Then Verify page has a text User not found", "status": "skipped", "start": 1597963031369, "stop": 1597963031369}], "start": 1597963006303, "stop": 1597963031369, "uuid": "d08ecb29-5383-4b7d-b095-1db7c50aff96", "historyId": "21ea27e25f4b0f4bf8bdae9b00e85345", "labels": [{"name": "severity", "value": "normal"}, {"name": "feature", "value": "Restore password"}, {"name": "framework", "value": "behave"}, {"name": "language", "value": "cpython3"}]}